
*** Running vivado
    with args -log Count1.vds -m64 -product Vivado -mode batch -messageDb vivado.pb -notrace -source Count1.tcl


****** Vivado v2018.2.1 (64-bit)
  **** SW Build 2288692 on Thu Jul 26 18:23:50 MDT 2018
  **** IP Build 2289599 on Thu Jul 26 21:09:20 MDT 2018
    ** Copyright 1986-2018 Xilinx, Inc. All Rights Reserved.

source Count1.tcl -notrace
Command: synth_design -top Count1 -part xc7a35tcpg236-1
Starting synth_design
Attempting to get a license for feature 'Synthesis' and/or device 'xc7a35t'
INFO: [Common 17-349] Got license for feature 'Synthesis' and/or device 'xc7a35t'
INFO: Launching helper process for spawning children vivado processes
INFO: Helper process launched with PID 31712 
Terminated helper unrecognised option '-nojournal'
---------------------------------------------------------------------------------
Starting RTL Elaboration : Time (s): cpu = 00:00:02 ; elapsed = 00:00:02 . Memory (MB): peak = 1279.426 ; gain = 86.766 ; free physical = 900 ; free virtual = 18043
---------------------------------------------------------------------------------
INFO: [Synth 8-638] synthesizing module 'Count1' [/home/m1/radi/Documents/aeo/Tp2/Tp3/Tp3.srcs/sources_1/new/Count1.vhd:70]
INFO: [Synth 8-256] done synthesizing module 'Count1' (1#1) [/home/m1/radi/Documents/aeo/Tp2/Tp3/Tp3.srcs/sources_1/new/Count1.vhd:70]
---------------------------------------------------------------------------------
Finished RTL Elaboration : Time (s): cpu = 00:00:02 ; elapsed = 00:00:02 . Memory (MB): peak = 1324.051 ; gain = 131.391 ; free physical = 912 ; free virtual = 18056
---------------------------------------------------------------------------------

Report Check Netlist: 
+------+------------------+-------+---------+-------+------------------+
|      |Item              |Errors |Warnings |Status |Description       |
+------+------------------+-------+---------+-------+------------------+
|1     |multi_driven_nets |      0|        0|Passed |Multi driven nets |
+------+------------------+-------+---------+-------+------------------+
---------------------------------------------------------------------------------
Start Handling Custom Attributes
---------------------------------------------------------------------------------
---------------------------------------------------------------------------------
Finished Handling Custom Attributes : Time (s): cpu = 00:00:02 ; elapsed = 00:00:03 . Memory (MB): peak = 1324.051 ; gain = 131.391 ; free physical = 912 ; free virtual = 18056
---------------------------------------------------------------------------------
---------------------------------------------------------------------------------
Finished RTL Optimization Phase 1 : Time (s): cpu = 00:00:02 ; elapsed = 00:00:03 . Memory (MB): peak = 1324.051 ; gain = 131.391 ; free physical = 912 ; free virtual = 18056
---------------------------------------------------------------------------------
INFO: [Device 21-403] Loading part xc7a35tcpg236-1
INFO: [Project 1-570] Preparing netlist for logic optimization

Processing XDC Constraints
Initializing timing engine
Parsing XDC File [/home/m1/radi/Documents/aeo/Tp2/Tp3/Tp3.srcs/constrs_1/imports/Tp2/Basys3_Master.xdc]
WARNING: [Vivado 12-584] No ports matched 'sw[0]'. [/home/m1/radi/Documents/aeo/Tp2/Tp3/Tp3.srcs/constrs_1/imports/Tp2/Basys3_Master.xdc:12]
CRITICAL WARNING: [Common 17-55] 'set_property' expects at least one object. [/home/m1/radi/Documents/aeo/Tp2/Tp3/Tp3.srcs/constrs_1/imports/Tp2/Basys3_Master.xdc:12]
Resolution: If [get_<value>] was used to populate the object, check to make sure this command returns at least one valid object.
WARNING: [Vivado 12-584] No ports matched 'sw[0]'. [/home/m1/radi/Documents/aeo/Tp2/Tp3/Tp3.srcs/constrs_1/imports/Tp2/Basys3_Master.xdc:13]
CRITICAL WARNING: [Common 17-55] 'set_property' expects at least one object. [/home/m1/radi/Documents/aeo/Tp2/Tp3/Tp3.srcs/constrs_1/imports/Tp2/Basys3_Master.xdc:13]
Resolution: If [get_<value>] was used to populate the object, check to make sure this command returns at least one valid object.
WARNING: [Vivado 12-584] No ports matched 'sw[1]'. [/home/m1/radi/Documents/aeo/Tp2/Tp3/Tp3.srcs/constrs_1/imports/Tp2/Basys3_Master.xdc:14]
CRITICAL WARNING: [Common 17-55] 'set_property' expects at least one object. [/home/m1/radi/Documents/aeo/Tp2/Tp3/Tp3.srcs/constrs_1/imports/Tp2/Basys3_Master.xdc:14]
Resolution: If [get_<value>] was used to populate the object, check to make sure this command returns at least one valid object.
WARNING: [Vivado 12-584] No ports matched 'sw[1]'. [/home/m1/radi/Documents/aeo/Tp2/Tp3/Tp3.srcs/constrs_1/imports/Tp2/Basys3_Master.xdc:15]
CRITICAL WARNING: [Common 17-55] 'set_property' expects at least one object. [/home/m1/radi/Documents/aeo/Tp2/Tp3/Tp3.srcs/constrs_1/imports/Tp2/Basys3_Master.xdc:15]
Resolution: If [get_<value>] was used to populate the object, check to make sure this command returns at least one valid object.
WARNING: [Vivado 12-584] No ports matched 'sw[2]'. [/home/m1/radi/Documents/aeo/Tp2/Tp3/Tp3.srcs/constrs_1/imports/Tp2/Basys3_Master.xdc:16]
CRITICAL WARNING: [Common 17-55] 'set_property' expects at least one object. [/home/m1/radi/Documents/aeo/Tp2/Tp3/Tp3.srcs/constrs_1/imports/Tp2/Basys3_Master.xdc:16]
Resolution: If [get_<value>] was used to populate the object, check to make sure this command returns at least one valid object.
WARNING: [Vivado 12-584] No ports matched 'sw[2]'. [/home/m1/radi/Documents/aeo/Tp2/Tp3/Tp3.srcs/constrs_1/imports/Tp2/Basys3_Master.xdc:17]
CRITICAL WARNING: [Common 17-55] 'set_property' expects at least one object. [/home/m1/radi/Documents/aeo/Tp2/Tp3/Tp3.srcs/constrs_1/imports/Tp2/Basys3_Master.xdc:17]
Resolution: If [get_<value>] was used to populate the object, check to make sure this command returns at least one valid object.
WARNING: [Vivado 12-584] No ports matched 'sw[3]'. [/home/m1/radi/Documents/aeo/Tp2/Tp3/Tp3.srcs/constrs_1/imports/Tp2/Basys3_Master.xdc:18]
CRITICAL WARNING: [Common 17-55] 'set_property' expects at least one object. [/home/m1/radi/Documents/aeo/Tp2/Tp3/Tp3.srcs/constrs_1/imports/Tp2/Basys3_Master.xdc:18]
Resolution: If [get_<value>] was used to populate the object, check to make sure this command returns at least one valid object.
WARNING: [Vivado 12-584] No ports matched 'sw[3]'. [/home/m1/radi/Documents/aeo/Tp2/Tp3/Tp3.srcs/constrs_1/imports/Tp2/Basys3_Master.xdc:19]
CRITICAL WARNING: [Common 17-55] 'set_property' expects at least one object. [/home/m1/radi/Documents/aeo/Tp2/Tp3/Tp3.srcs/constrs_1/imports/Tp2/Basys3_Master.xdc:19]
Resolution: If [get_<value>] was used to populate the object, check to make sure this command returns at least one valid object.
WARNING: [Vivado 12-584] No ports matched 'sw[4]'. [/home/m1/radi/Documents/aeo/Tp2/Tp3/Tp3.srcs/constrs_1/imports/Tp2/Basys3_Master.xdc:20]
CRITICAL WARNING: [Common 17-55] 'set_property' expects at least one object. [/home/m1/radi/Documents/aeo/Tp2/Tp3/Tp3.srcs/constrs_1/imports/Tp2/Basys3_Master.xdc:20]
Resolution: If [get_<value>] was used to populate the object, check to make sure this command returns at least one valid object.
WARNING: [Vivado 12-584] No ports matched 'sw[4]'. [/home/m1/radi/Documents/aeo/Tp2/Tp3/Tp3.srcs/constrs_1/imports/Tp2/Basys3_Master.xdc:21]
CRITICAL WARNING: [Common 17-55] 'set_property' expects at least one object. [/home/m1/radi/Documents/aeo/Tp2/Tp3/Tp3.srcs/constrs_1/imports/Tp2/Basys3_Master.xdc:21]
Resolution: If [get_<value>] was used to populate the object, check to make sure this command returns at least one valid object.
WARNING: [Vivado 12-584] No ports matched 'sw[5]'. [/home/m1/radi/Documents/aeo/Tp2/Tp3/Tp3.srcs/constrs_1/imports/Tp2/Basys3_Master.xdc:22]
CRITICAL WARNING: [Common 17-55] 'set_property' expects at least one object. [/home/m1/radi/Documents/aeo/Tp2/Tp3/Tp3.srcs/constrs_1/imports/Tp2/Basys3_Master.xdc:22]
Resolution: If [get_<value>] was used to populate the object, check to make sure this command returns at least one valid object.
WARNING: [Vivado 12-584] No ports matched 'sw[5]'. [/home/m1/radi/Documents/aeo/Tp2/Tp3/Tp3.srcs/constrs_1/imports/Tp2/Basys3_Master.xdc:23]
CRITICAL WARNING: [Common 17-55] 'set_property' expects at least one object. [/home/m1/radi/Documents/aeo/Tp2/Tp3/Tp3.srcs/constrs_1/imports/Tp2/Basys3_Master.xdc:23]
Resolution: If [get_<value>] was used to populate the object, check to make sure this command returns at least one valid object.
WARNING: [Vivado 12-584] No ports matched 'sw[6]'. [/home/m1/radi/Documents/aeo/Tp2/Tp3/Tp3.srcs/constrs_1/imports/Tp2/Basys3_Master.xdc:24]
CRITICAL WARNING: [Common 17-55] 'set_property' expects at least one object. [/home/m1/radi/Documents/aeo/Tp2/Tp3/Tp3.srcs/constrs_1/imports/Tp2/Basys3_Master.xdc:24]
Resolution: If [get_<value>] was used to populate the object, check to make sure this command returns at least one valid object.
WARNING: [Vivado 12-584] No ports matched 'sw[6]'. [/home/m1/radi/Documents/aeo/Tp2/Tp3/Tp3.srcs/constrs_1/imports/Tp2/Basys3_Master.xdc:25]
CRITICAL WARNING: [Common 17-55] 'set_property' expects at least one object. [/home/m1/radi/Documents/aeo/Tp2/Tp3/Tp3.srcs/constrs_1/imports/Tp2/Basys3_Master.xdc:25]
Resolution: If [get_<value>] was used to populate the object, check to make sure this command returns at least one valid object.
WARNING: [Vivado 12-584] No ports matched 'sw[7]'. [/home/m1/radi/Documents/aeo/Tp2/Tp3/Tp3.srcs/constrs_1/imports/Tp2/Basys3_Master.xdc:26]
CRITICAL WARNING: [Common 17-55] 'set_property' expects at least one object. [/home/m1/radi/Documents/aeo/Tp2/Tp3/Tp3.srcs/constrs_1/imports/Tp2/Basys3_Master.xdc:26]
Resolution: If [get_<value>] was used to populate the object, check to make sure this command returns at least one valid object.
WARNING: [Vivado 12-584] No ports matched 'sw[7]'. [/home/m1/radi/Documents/aeo/Tp2/Tp3/Tp3.srcs/constrs_1/imports/Tp2/Basys3_Master.xdc:27]
CRITICAL WARNING: [Common 17-55] 'set_property' expects at least one object. [/home/m1/radi/Documents/aeo/Tp2/Tp3/Tp3.srcs/constrs_1/imports/Tp2/Basys3_Master.xdc:27]
Resolution: If [get_<value>] was used to populate the object, check to make sure this command returns at least one valid object.
WARNING: [Vivado 12-584] No ports matched 'sw[8]'. [/home/m1/radi/Documents/aeo/Tp2/Tp3/Tp3.srcs/constrs_1/imports/Tp2/Basys3_Master.xdc:28]
CRITICAL WARNING: [Common 17-55] 'set_property' expects at least one object. [/home/m1/radi/Documents/aeo/Tp2/Tp3/Tp3.srcs/constrs_1/imports/Tp2/Basys3_Master.xdc:28]
Resolution: If [get_<value>] was used to populate the object, check to make sure this command returns at least one valid object.
WARNING: [Vivado 12-584] No ports matched 'sw[8]'. [/home/m1/radi/Documents/aeo/Tp2/Tp3/Tp3.srcs/constrs_1/imports/Tp2/Basys3_Master.xdc:29]
CRITICAL WARNING: [Common 17-55] 'set_property' expects at least one object. [/home/m1/radi/Documents/aeo/Tp2/Tp3/Tp3.srcs/constrs_1/imports/Tp2/Basys3_Master.xdc:29]
Resolution: If [get_<value>] was used to populate the object, check to make sure this command returns at least one valid object.
WARNING: [Vivado 12-584] No ports matched 'sw[9]'. [/home/m1/radi/Documents/aeo/Tp2/Tp3/Tp3.srcs/constrs_1/imports/Tp2/Basys3_Master.xdc:30]
CRITICAL WARNING: [Common 17-55] 'set_property' expects at least one object. [/home/m1/radi/Documents/aeo/Tp2/Tp3/Tp3.srcs/constrs_1/imports/Tp2/Basys3_Master.xdc:30]
Resolution: If [get_<value>] was used to populate the object, check to make sure this command returns at least one valid object.
WARNING: [Vivado 12-584] No ports matched 'sw[9]'. [/home/m1/radi/Documents/aeo/Tp2/Tp3/Tp3.srcs/constrs_1/imports/Tp2/Basys3_Master.xdc:31]
CRITICAL WARNING: [Common 17-55] 'set_property' expects at least one object. [/home/m1/radi/Documents/aeo/Tp2/Tp3/Tp3.srcs/constrs_1/imports/Tp2/Basys3_Master.xdc:31]
Resolution: If [get_<value>] was used to populate the object, check to make sure this command returns at least one valid object.
WARNING: [Vivado 12-584] No ports matched 'sw[10]'. [/home/m1/radi/Documents/aeo/Tp2/Tp3/Tp3.srcs/constrs_1/imports/Tp2/Basys3_Master.xdc:32]
CRITICAL WARNING: [Common 17-55] 'set_property' expects at least one object. [/home/m1/radi/Documents/aeo/Tp2/Tp3/Tp3.srcs/constrs_1/imports/Tp2/Basys3_Master.xdc:32]
Resolution: If [get_<value>] was used to populate the object, check to make sure this command returns at least one valid object.
WARNING: [Vivado 12-584] No ports matched 'sw[10]'. [/home/m1/radi/Documents/aeo/Tp2/Tp3/Tp3.srcs/constrs_1/imports/Tp2/Basys3_Master.xdc:33]
CRITICAL WARNING: [Common 17-55] 'set_property' expects at least one object. [/home/m1/radi/Documents/aeo/Tp2/Tp3/Tp3.srcs/constrs_1/imports/Tp2/Basys3_Master.xdc:33]
Resolution: If [get_<value>] was used to populate the object, check to make sure this command returns at least one valid object.
WARNING: [Vivado 12-584] No ports matched 'sw[11]'. [/home/m1/radi/Documents/aeo/Tp2/Tp3/Tp3.srcs/constrs_1/imports/Tp2/Basys3_Master.xdc:34]
CRITICAL WARNING: [Common 17-55] 'set_property' expects at least one object. [/home/m1/radi/Documents/aeo/Tp2/Tp3/Tp3.srcs/constrs_1/imports/Tp2/Basys3_Master.xdc:34]
Resolution: If [get_<value>] was used to populate the object, check to make sure this command returns at least one valid object.
WARNING: [Vivado 12-584] No ports matched 'sw[11]'. [/home/m1/radi/Documents/aeo/Tp2/Tp3/Tp3.srcs/constrs_1/imports/Tp2/Basys3_Master.xdc:35]
CRITICAL WARNING: [Common 17-55] 'set_property' expects at least one object. [/home/m1/radi/Documents/aeo/Tp2/Tp3/Tp3.srcs/constrs_1/imports/Tp2/Basys3_Master.xdc:35]
Resolution: If [get_<value>] was used to populate the object, check to make sure this command returns at least one valid object.
WARNING: [Vivado 12-584] No ports matched 'sw[12]'. [/home/m1/radi/Documents/aeo/Tp2/Tp3/Tp3.srcs/constrs_1/imports/Tp2/Basys3_Master.xdc:36]
CRITICAL WARNING: [Common 17-55] 'set_property' expects at least one object. [/home/m1/radi/Documents/aeo/Tp2/Tp3/Tp3.srcs/constrs_1/imports/Tp2/Basys3_Master.xdc:36]
Resolution: If [get_<value>] was used to populate the object, check to make sure this command returns at least one valid object.
WARNING: [Vivado 12-584] No ports matched 'sw[12]'. [/home/m1/radi/Documents/aeo/Tp2/Tp3/Tp3.srcs/constrs_1/imports/Tp2/Basys3_Master.xdc:37]
CRITICAL WARNING: [Common 17-55] 'set_property' expects at least one object. [/home/m1/radi/Documents/aeo/Tp2/Tp3/Tp3.srcs/constrs_1/imports/Tp2/Basys3_Master.xdc:37]
Resolution: If [get_<value>] was used to populate the object, check to make sure this command returns at least one valid object.
WARNING: [Vivado 12-584] No ports matched 'sw[13]'. [/home/m1/radi/Documents/aeo/Tp2/Tp3/Tp3.srcs/constrs_1/imports/Tp2/Basys3_Master.xdc:38]
CRITICAL WARNING: [Common 17-55] 'set_property' expects at least one object. [/home/m1/radi/Documents/aeo/Tp2/Tp3/Tp3.srcs/constrs_1/imports/Tp2/Basys3_Master.xdc:38]
Resolution: If [get_<value>] was used to populate the object, check to make sure this command returns at least one valid object.
WARNING: [Vivado 12-584] No ports matched 'sw[13]'. [/home/m1/radi/Documents/aeo/Tp2/Tp3/Tp3.srcs/constrs_1/imports/Tp2/Basys3_Master.xdc:39]
CRITICAL WARNING: [Common 17-55] 'set_property' expects at least one object. [/home/m1/radi/Documents/aeo/Tp2/Tp3/Tp3.srcs/constrs_1/imports/Tp2/Basys3_Master.xdc:39]
Resolution: If [get_<value>] was used to populate the object, check to make sure this command returns at least one valid object.
WARNING: [Vivado 12-584] No ports matched 'sw[14]'. [/home/m1/radi/Documents/aeo/Tp2/Tp3/Tp3.srcs/constrs_1/imports/Tp2/Basys3_Master.xdc:40]
CRITICAL WARNING: [Common 17-55] 'set_property' expects at least one object. [/home/m1/radi/Documents/aeo/Tp2/Tp3/Tp3.srcs/constrs_1/imports/Tp2/Basys3_Master.xdc:40]
Resolution: If [get_<value>] was used to populate the object, check to make sure this command returns at least one valid object.
WARNING: [Vivado 12-584] No ports matched 'sw[14]'. [/home/m1/radi/Documents/aeo/Tp2/Tp3/Tp3.srcs/constrs_1/imports/Tp2/Basys3_Master.xdc:41]
CRITICAL WARNING: [Common 17-55] 'set_property' expects at least one object. [/home/m1/radi/Documents/aeo/Tp2/Tp3/Tp3.srcs/constrs_1/imports/Tp2/Basys3_Master.xdc:41]
Resolution: If [get_<value>] was used to populate the object, check to make sure this command returns at least one valid object.
WARNING: [Vivado 12-584] No ports matched 'sw[15]'. [/home/m1/radi/Documents/aeo/Tp2/Tp3/Tp3.srcs/constrs_1/imports/Tp2/Basys3_Master.xdc:42]
CRITICAL WARNING: [Common 17-55] 'set_property' expects at least one object. [/home/m1/radi/Documents/aeo/Tp2/Tp3/Tp3.srcs/constrs_1/imports/Tp2/Basys3_Master.xdc:42]
Resolution: If [get_<value>] was used to populate the object, check to make sure this command returns at least one valid object.
WARNING: [Vivado 12-584] No ports matched 'sw[15]'. [/home/m1/radi/Documents/aeo/Tp2/Tp3/Tp3.srcs/constrs_1/imports/Tp2/Basys3_Master.xdc:43]
CRITICAL WARNING: [Common 17-55] 'set_property' expects at least one object. [/home/m1/radi/Documents/aeo/Tp2/Tp3/Tp3.srcs/constrs_1/imports/Tp2/Basys3_Master.xdc:43]
Resolution: If [get_<value>] was used to populate the object, check to make sure this command returns at least one valid object.
WARNING: [Vivado 12-584] No ports matched 'led[0]'. [/home/m1/radi/Documents/aeo/Tp2/Tp3/Tp3.srcs/constrs_1/imports/Tp2/Basys3_Master.xdc:47]
CRITICAL WARNING: [Common 17-55] 'set_property' expects at least one object. [/home/m1/radi/Documents/aeo/Tp2/Tp3/Tp3.srcs/constrs_1/imports/Tp2/Basys3_Master.xdc:47]
Resolution: If [get_<value>] was used to populate the object, check to make sure this command returns at least one valid object.
WARNING: [Vivado 12-584] No ports matched 'led[0]'. [/home/m1/radi/Documents/aeo/Tp2/Tp3/Tp3.srcs/constrs_1/imports/Tp2/Basys3_Master.xdc:48]
CRITICAL WARNING: [Common 17-55] 'set_property' expects at least one object. [/home/m1/radi/Documents/aeo/Tp2/Tp3/Tp3.srcs/constrs_1/imports/Tp2/Basys3_Master.xdc:48]
Resolution: If [get_<value>] was used to populate the object, check to make sure this command returns at least one valid object.
WARNING: [Vivado 12-584] No ports matched 'led[1]'. [/home/m1/radi/Documents/aeo/Tp2/Tp3/Tp3.srcs/constrs_1/imports/Tp2/Basys3_Master.xdc:49]
CRITICAL WARNING: [Common 17-55] 'set_property' expects at least one object. [/home/m1/radi/Documents/aeo/Tp2/Tp3/Tp3.srcs/constrs_1/imports/Tp2/Basys3_Master.xdc:49]
Resolution: If [get_<value>] was used to populate the object, check to make sure this command returns at least one valid object.
WARNING: [Vivado 12-584] No ports matched 'led[1]'. [/home/m1/radi/Documents/aeo/Tp2/Tp3/Tp3.srcs/constrs_1/imports/Tp2/Basys3_Master.xdc:50]
CRITICAL WARNING: [Common 17-55] 'set_property' expects at least one object. [/home/m1/radi/Documents/aeo/Tp2/Tp3/Tp3.srcs/constrs_1/imports/Tp2/Basys3_Master.xdc:50]
Resolution: If [get_<value>] was used to populate the object, check to make sure this command returns at least one valid object.
WARNING: [Vivado 12-584] No ports matched 'led[2]'. [/home/m1/radi/Documents/aeo/Tp2/Tp3/Tp3.srcs/constrs_1/imports/Tp2/Basys3_Master.xdc:51]
CRITICAL WARNING: [Common 17-55] 'set_property' expects at least one object. [/home/m1/radi/Documents/aeo/Tp2/Tp3/Tp3.srcs/constrs_1/imports/Tp2/Basys3_Master.xdc:51]
Resolution: If [get_<value>] was used to populate the object, check to make sure this command returns at least one valid object.
WARNING: [Vivado 12-584] No ports matched 'led[2]'. [/home/m1/radi/Documents/aeo/Tp2/Tp3/Tp3.srcs/constrs_1/imports/Tp2/Basys3_Master.xdc:52]
CRITICAL WARNING: [Common 17-55] 'set_property' expects at least one object. [/home/m1/radi/Documents/aeo/Tp2/Tp3/Tp3.srcs/constrs_1/imports/Tp2/Basys3_Master.xdc:52]
Resolution: If [get_<value>] was used to populate the object, check to make sure this command returns at least one valid object.
WARNING: [Vivado 12-584] No ports matched 'led[3]'. [/home/m1/radi/Documents/aeo/Tp2/Tp3/Tp3.srcs/constrs_1/imports/Tp2/Basys3_Master.xdc:53]
CRITICAL WARNING: [Common 17-55] 'set_property' expects at least one object. [/home/m1/radi/Documents/aeo/Tp2/Tp3/Tp3.srcs/constrs_1/imports/Tp2/Basys3_Master.xdc:53]
Resolution: If [get_<value>] was used to populate the object, check to make sure this command returns at least one valid object.
WARNING: [Vivado 12-584] No ports matched 'led[3]'. [/home/m1/radi/Documents/aeo/Tp2/Tp3/Tp3.srcs/constrs_1/imports/Tp2/Basys3_Master.xdc:54]
CRITICAL WARNING: [Common 17-55] 'set_property' expects at least one object. [/home/m1/radi/Documents/aeo/Tp2/Tp3/Tp3.srcs/constrs_1/imports/Tp2/Basys3_Master.xdc:54]
Resolution: If [get_<value>] was used to populate the object, check to make sure this command returns at least one valid object.
WARNING: [Vivado 12-584] No ports matched 'led[4]'. [/home/m1/radi/Documents/aeo/Tp2/Tp3/Tp3.srcs/constrs_1/imports/Tp2/Basys3_Master.xdc:55]
CRITICAL WARNING: [Common 17-55] 'set_property' expects at least one object. [/home/m1/radi/Documents/aeo/Tp2/Tp3/Tp3.srcs/constrs_1/imports/Tp2/Basys3_Master.xdc:55]
Resolution: If [get_<value>] was used to populate the object, check to make sure this command returns at least one valid object.
WARNING: [Vivado 12-584] No ports matched 'led[4]'. [/home/m1/radi/Documents/aeo/Tp2/Tp3/Tp3.srcs/constrs_1/imports/Tp2/Basys3_Master.xdc:56]
CRITICAL WARNING: [Common 17-55] 'set_property' expects at least one object. [/home/m1/radi/Documents/aeo/Tp2/Tp3/Tp3.srcs/constrs_1/imports/Tp2/Basys3_Master.xdc:56]
Resolution: If [get_<value>] was used to populate the object, check to make sure this command returns at least one valid object.
WARNING: [Vivado 12-584] No ports matched 'led[5]'. [/home/m1/radi/Documents/aeo/Tp2/Tp3/Tp3.srcs/constrs_1/imports/Tp2/Basys3_Master.xdc:57]
CRITICAL WARNING: [Common 17-55] 'set_property' expects at least one object. [/home/m1/radi/Documents/aeo/Tp2/Tp3/Tp3.srcs/constrs_1/imports/Tp2/Basys3_Master.xdc:57]
Resolution: If [get_<value>] was used to populate the object, check to make sure this command returns at least one valid object.
WARNING: [Vivado 12-584] No ports matched 'led[5]'. [/home/m1/radi/Documents/aeo/Tp2/Tp3/Tp3.srcs/constrs_1/imports/Tp2/Basys3_Master.xdc:58]
CRITICAL WARNING: [Common 17-55] 'set_property' expects at least one object. [/home/m1/radi/Documents/aeo/Tp2/Tp3/Tp3.srcs/constrs_1/imports/Tp2/Basys3_Master.xdc:58]
Resolution: If [get_<value>] was used to populate the object, check to make sure this command returns at least one valid object.
WARNING: [Vivado 12-584] No ports matched 'led[6]'. [/home/m1/radi/Documents/aeo/Tp2/Tp3/Tp3.srcs/constrs_1/imports/Tp2/Basys3_Master.xdc:59]
CRITICAL WARNING: [Common 17-55] 'set_property' expects at least one object. [/home/m1/radi/Documents/aeo/Tp2/Tp3/Tp3.srcs/constrs_1/imports/Tp2/Basys3_Master.xdc:59]
Resolution: If [get_<value>] was used to populate the object, check to make sure this command returns at least one valid object.
WARNING: [Vivado 12-584] No ports matched 'led[6]'. [/home/m1/radi/Documents/aeo/Tp2/Tp3/Tp3.srcs/constrs_1/imports/Tp2/Basys3_Master.xdc:60]
CRITICAL WARNING: [Common 17-55] 'set_property' expects at least one object. [/home/m1/radi/Documents/aeo/Tp2/Tp3/Tp3.srcs/constrs_1/imports/Tp2/Basys3_Master.xdc:60]
Resolution: If [get_<value>] was used to populate the object, check to make sure this command returns at least one valid object.
WARNING: [Vivado 12-584] No ports matched 'led[7]'. [/home/m1/radi/Documents/aeo/Tp2/Tp3/Tp3.srcs/constrs_1/imports/Tp2/Basys3_Master.xdc:61]
CRITICAL WARNING: [Common 17-55] 'set_property' expects at least one object. [/home/m1/radi/Documents/aeo/Tp2/Tp3/Tp3.srcs/constrs_1/imports/Tp2/Basys3_Master.xdc:61]
Resolution: If [get_<value>] was used to populate the object, check to make sure this command returns at least one valid object.
WARNING: [Vivado 12-584] No ports matched 'led[7]'. [/home/m1/radi/Documents/aeo/Tp2/Tp3/Tp3.srcs/constrs_1/imports/Tp2/Basys3_Master.xdc:62]
CRITICAL WARNING: [Common 17-55] 'set_property' expects at least one object. [/home/m1/radi/Documents/aeo/Tp2/Tp3/Tp3.srcs/constrs_1/imports/Tp2/Basys3_Master.xdc:62]
Resolution: If [get_<value>] was used to populate the object, check to make sure this command returns at least one valid object.
WARNING: [Vivado 12-584] No ports matched 'led[8]'. [/home/m1/radi/Documents/aeo/Tp2/Tp3/Tp3.srcs/constrs_1/imports/Tp2/Basys3_Master.xdc:63]
CRITICAL WARNING: [Common 17-55] 'set_property' expects at least one object. [/home/m1/radi/Documents/aeo/Tp2/Tp3/Tp3.srcs/constrs_1/imports/Tp2/Basys3_Master.xdc:63]
Resolution: If [get_<value>] was used to populate the object, check to make sure this command returns at least one valid object.
WARNING: [Vivado 12-584] No ports matched 'led[8]'. [/home/m1/radi/Documents/aeo/Tp2/Tp3/Tp3.srcs/constrs_1/imports/Tp2/Basys3_Master.xdc:64]
CRITICAL WARNING: [Common 17-55] 'set_property' expects at least one object. [/home/m1/radi/Documents/aeo/Tp2/Tp3/Tp3.srcs/constrs_1/imports/Tp2/Basys3_Master.xdc:64]
Resolution: If [get_<value>] was used to populate the object, check to make sure this command returns at least one valid object.
WARNING: [Vivado 12-584] No ports matched 'led[9]'. [/home/m1/radi/Documents/aeo/Tp2/Tp3/Tp3.srcs/constrs_1/imports/Tp2/Basys3_Master.xdc:65]
CRITICAL WARNING: [Common 17-55] 'set_property' expects at least one object. [/home/m1/radi/Documents/aeo/Tp2/Tp3/Tp3.srcs/constrs_1/imports/Tp2/Basys3_Master.xdc:65]
Resolution: If [get_<value>] was used to populate the object, check to make sure this command returns at least one valid object.
WARNING: [Vivado 12-584] No ports matched 'led[9]'. [/home/m1/radi/Documents/aeo/Tp2/Tp3/Tp3.srcs/constrs_1/imports/Tp2/Basys3_Master.xdc:66]
CRITICAL WARNING: [Common 17-55] 'set_property' expects at least one object. [/home/m1/radi/Documents/aeo/Tp2/Tp3/Tp3.srcs/constrs_1/imports/Tp2/Basys3_Master.xdc:66]
Resolution: If [get_<value>] was used to populate the object, check to make sure this command returns at least one valid object.
WARNING: [Vivado 12-584] No ports matched 'led[10]'. [/home/m1/radi/Documents/aeo/Tp2/Tp3/Tp3.srcs/constrs_1/imports/Tp2/Basys3_Master.xdc:67]
CRITICAL WARNING: [Common 17-55] 'set_property' expects at least one object. [/home/m1/radi/Documents/aeo/Tp2/Tp3/Tp3.srcs/constrs_1/imports/Tp2/Basys3_Master.xdc:67]
Resolution: If [get_<value>] was used to populate the object, check to make sure this command returns at least one valid object.
WARNING: [Vivado 12-584] No ports matched 'led[10]'. [/home/m1/radi/Documents/aeo/Tp2/Tp3/Tp3.srcs/constrs_1/imports/Tp2/Basys3_Master.xdc:68]
CRITICAL WARNING: [Common 17-55] 'set_property' expects at least one object. [/home/m1/radi/Documents/aeo/Tp2/Tp3/Tp3.srcs/constrs_1/imports/Tp2/Basys3_Master.xdc:68]
Resolution: If [get_<value>] was used to populate the object, check to make sure this command returns at least one valid object.
WARNING: [Vivado 12-584] No ports matched 'led[11]'. [/home/m1/radi/Documents/aeo/Tp2/Tp3/Tp3.srcs/constrs_1/imports/Tp2/Basys3_Master.xdc:69]
CRITICAL WARNING: [Common 17-55] 'set_property' expects at least one object. [/home/m1/radi/Documents/aeo/Tp2/Tp3/Tp3.srcs/constrs_1/imports/Tp2/Basys3_Master.xdc:69]
Resolution: If [get_<value>] was used to populate the object, check to make sure this command returns at least one valid object.
WARNING: [Vivado 12-584] No ports matched 'led[11]'. [/home/m1/radi/Documents/aeo/Tp2/Tp3/Tp3.srcs/constrs_1/imports/Tp2/Basys3_Master.xdc:70]
CRITICAL WARNING: [Common 17-55] 'set_property' expects at least one object. [/home/m1/radi/Documents/aeo/Tp2/Tp3/Tp3.srcs/constrs_1/imports/Tp2/Basys3_Master.xdc:70]
Resolution: If [get_<value>] was used to populate the object, check to make sure this command returns at least one valid object.
WARNING: [Vivado 12-584] No ports matched 'led[12]'. [/home/m1/radi/Documents/aeo/Tp2/Tp3/Tp3.srcs/constrs_1/imports/Tp2/Basys3_Master.xdc:71]
CRITICAL WARNING: [Common 17-55] 'set_property' expects at least one object. [/home/m1/radi/Documents/aeo/Tp2/Tp3/Tp3.srcs/constrs_1/imports/Tp2/Basys3_Master.xdc:71]
Resolution: If [get_<value>] was used to populate the object, check to make sure this command returns at least one valid object.
WARNING: [Vivado 12-584] No ports matched 'led[12]'. [/home/m1/radi/Documents/aeo/Tp2/Tp3/Tp3.srcs/constrs_1/imports/Tp2/Basys3_Master.xdc:72]
CRITICAL WARNING: [Common 17-55] 'set_property' expects at least one object. [/home/m1/radi/Documents/aeo/Tp2/Tp3/Tp3.srcs/constrs_1/imports/Tp2/Basys3_Master.xdc:72]
Resolution: If [get_<value>] was used to populate the object, check to make sure this command returns at least one valid object.
WARNING: [Vivado 12-584] No ports matched 'led[13]'. [/home/m1/radi/Documents/aeo/Tp2/Tp3/Tp3.srcs/constrs_1/imports/Tp2/Basys3_Master.xdc:73]
CRITICAL WARNING: [Common 17-55] 'set_property' expects at least one object. [/home/m1/radi/Documents/aeo/Tp2/Tp3/Tp3.srcs/constrs_1/imports/Tp2/Basys3_Master.xdc:73]
Resolution: If [get_<value>] was used to populate the object, check to make sure this command returns at least one valid object.
WARNING: [Vivado 12-584] No ports matched 'led[13]'. [/home/m1/radi/Documents/aeo/Tp2/Tp3/Tp3.srcs/constrs_1/imports/Tp2/Basys3_Master.xdc:74]
CRITICAL WARNING: [Common 17-55] 'set_property' expects at least one object. [/home/m1/radi/Documents/aeo/Tp2/Tp3/Tp3.srcs/constrs_1/imports/Tp2/Basys3_Master.xdc:74]
Resolution: If [get_<value>] was used to populate the object, check to make sure this command returns at least one valid object.
WARNING: [Vivado 12-584] No ports matched 'led[14]'. [/home/m1/radi/Documents/aeo/Tp2/Tp3/Tp3.srcs/constrs_1/imports/Tp2/Basys3_Master.xdc:75]
CRITICAL WARNING: [Common 17-55] 'set_property' expects at least one object. [/home/m1/radi/Documents/aeo/Tp2/Tp3/Tp3.srcs/constrs_1/imports/Tp2/Basys3_Master.xdc:75]
Resolution: If [get_<value>] was used to populate the object, check to make sure this command returns at least one valid object.
WARNING: [Vivado 12-584] No ports matched 'led[14]'. [/home/m1/radi/Documents/aeo/Tp2/Tp3/Tp3.srcs/constrs_1/imports/Tp2/Basys3_Master.xdc:76]
CRITICAL WARNING: [Common 17-55] 'set_property' expects at least one object. [/home/m1/radi/Documents/aeo/Tp2/Tp3/Tp3.srcs/constrs_1/imports/Tp2/Basys3_Master.xdc:76]
Resolution: If [get_<value>] was used to populate the object, check to make sure this command returns at least one valid object.
WARNING: [Vivado 12-584] No ports matched 'led[15]'. [/home/m1/radi/Documents/aeo/Tp2/Tp3/Tp3.srcs/constrs_1/imports/Tp2/Basys3_Master.xdc:77]
CRITICAL WARNING: [Common 17-55] 'set_property' expects at least one object. [/home/m1/radi/Documents/aeo/Tp2/Tp3/Tp3.srcs/constrs_1/imports/Tp2/Basys3_Master.xdc:77]
Resolution: If [get_<value>] was used to populate the object, check to make sure this command returns at least one valid object.
WARNING: [Vivado 12-584] No ports matched 'led[15]'. [/home/m1/radi/Documents/aeo/Tp2/Tp3/Tp3.srcs/constrs_1/imports/Tp2/Basys3_Master.xdc:78]
CRITICAL WARNING: [Common 17-55] 'set_property' expects at least one object. [/home/m1/radi/Documents/aeo/Tp2/Tp3/Tp3.srcs/constrs_1/imports/Tp2/Basys3_Master.xdc:78]
Resolution: If [get_<value>] was used to populate the object, check to make sure this command returns at least one valid object.
WARNING: [Vivado 12-584] No ports matched 'seg[0]'. [/home/m1/radi/Documents/aeo/Tp2/Tp3/Tp3.srcs/constrs_1/imports/Tp2/Basys3_Master.xdc:82]
CRITICAL WARNING: [Common 17-55] 'set_property' expects at least one object. [/home/m1/radi/Documents/aeo/Tp2/Tp3/Tp3.srcs/constrs_1/imports/Tp2/Basys3_Master.xdc:82]
Resolution: If [get_<value>] was used to populate the object, check to make sure this command returns at least one valid object.
WARNING: [Vivado 12-584] No ports matched 'seg[0]'. [/home/m1/radi/Documents/aeo/Tp2/Tp3/Tp3.srcs/constrs_1/imports/Tp2/Basys3_Master.xdc:83]
CRITICAL WARNING: [Common 17-55] 'set_property' expects at least one object. [/home/m1/radi/Documents/aeo/Tp2/Tp3/Tp3.srcs/constrs_1/imports/Tp2/Basys3_Master.xdc:83]
Resolution: If [get_<value>] was used to populate the object, check to make sure this command returns at least one valid object.
WARNING: [Vivado 12-584] No ports matched 'seg[1]'. [/home/m1/radi/Documents/aeo/Tp2/Tp3/Tp3.srcs/constrs_1/imports/Tp2/Basys3_Master.xdc:84]
CRITICAL WARNING: [Common 17-55] 'set_property' expects at least one object. [/home/m1/radi/Documents/aeo/Tp2/Tp3/Tp3.srcs/constrs_1/imports/Tp2/Basys3_Master.xdc:84]
Resolution: If [get_<value>] was used to populate the object, check to make sure this command returns at least one valid object.
WARNING: [Vivado 12-584] No ports matched 'seg[1]'. [/home/m1/radi/Documents/aeo/Tp2/Tp3/Tp3.srcs/constrs_1/imports/Tp2/Basys3_Master.xdc:85]
CRITICAL WARNING: [Common 17-55] 'set_property' expects at least one object. [/home/m1/radi/Documents/aeo/Tp2/Tp3/Tp3.srcs/constrs_1/imports/Tp2/Basys3_Master.xdc:85]
Resolution: If [get_<value>] was used to populate the object, check to make sure this command returns at least one valid object.
WARNING: [Vivado 12-584] No ports matched 'seg[2]'. [/home/m1/radi/Documents/aeo/Tp2/Tp3/Tp3.srcs/constrs_1/imports/Tp2/Basys3_Master.xdc:86]
CRITICAL WARNING: [Common 17-55] 'set_property' expects at least one object. [/home/m1/radi/Documents/aeo/Tp2/Tp3/Tp3.srcs/constrs_1/imports/Tp2/Basys3_Master.xdc:86]
Resolution: If [get_<value>] was used to populate the object, check to make sure this command returns at least one valid object.
WARNING: [Vivado 12-584] No ports matched 'seg[2]'. [/home/m1/radi/Documents/aeo/Tp2/Tp3/Tp3.srcs/constrs_1/imports/Tp2/Basys3_Master.xdc:87]
CRITICAL WARNING: [Common 17-55] 'set_property' expects at least one object. [/home/m1/radi/Documents/aeo/Tp2/Tp3/Tp3.srcs/constrs_1/imports/Tp2/Basys3_Master.xdc:87]
Resolution: If [get_<value>] was used to populate the object, check to make sure this command returns at least one valid object.
WARNING: [Vivado 12-584] No ports matched 'seg[3]'. [/home/m1/radi/Documents/aeo/Tp2/Tp3/Tp3.srcs/constrs_1/imports/Tp2/Basys3_Master.xdc:88]
CRITICAL WARNING: [Common 17-55] 'set_property' expects at least one object. [/home/m1/radi/Documents/aeo/Tp2/Tp3/Tp3.srcs/constrs_1/imports/Tp2/Basys3_Master.xdc:88]
Resolution: If [get_<value>] was used to populate the object, check to make sure this command returns at least one valid object.
WARNING: [Vivado 12-584] No ports matched 'seg[3]'. [/home/m1/radi/Documents/aeo/Tp2/Tp3/Tp3.srcs/constrs_1/imports/Tp2/Basys3_Master.xdc:89]
CRITICAL WARNING: [Common 17-55] 'set_property' expects at least one object. [/home/m1/radi/Documents/aeo/Tp2/Tp3/Tp3.srcs/constrs_1/imports/Tp2/Basys3_Master.xdc:89]
Resolution: If [get_<value>] was used to populate the object, check to make sure this command returns at least one valid object.
WARNING: [Vivado 12-584] No ports matched 'seg[4]'. [/home/m1/radi/Documents/aeo/Tp2/Tp3/Tp3.srcs/constrs_1/imports/Tp2/Basys3_Master.xdc:90]
CRITICAL WARNING: [Common 17-55] 'set_property' expects at least one object. [/home/m1/radi/Documents/aeo/Tp2/Tp3/Tp3.srcs/constrs_1/imports/Tp2/Basys3_Master.xdc:90]
Resolution: If [get_<value>] was used to populate the object, check to make sure this command returns at least one valid object.
WARNING: [Vivado 12-584] No ports matched 'seg[4]'. [/home/m1/radi/Documents/aeo/Tp2/Tp3/Tp3.srcs/constrs_1/imports/Tp2/Basys3_Master.xdc:91]
CRITICAL WARNING: [Common 17-55] 'set_property' expects at least one object. [/home/m1/radi/Documents/aeo/Tp2/Tp3/Tp3.srcs/constrs_1/imports/Tp2/Basys3_Master.xdc:91]
Resolution: If [get_<value>] was used to populate the object, check to make sure this command returns at least one valid object.
WARNING: [Vivado 12-584] No ports matched 'seg[5]'. [/home/m1/radi/Documents/aeo/Tp2/Tp3/Tp3.srcs/constrs_1/imports/Tp2/Basys3_Master.xdc:92]
CRITICAL WARNING: [Common 17-55] 'set_property' expects at least one object. [/home/m1/radi/Documents/aeo/Tp2/Tp3/Tp3.srcs/constrs_1/imports/Tp2/Basys3_Master.xdc:92]
Resolution: If [get_<value>] was used to populate the object, check to make sure this command returns at least one valid object.
WARNING: [Vivado 12-584] No ports matched 'seg[5]'. [/home/m1/radi/Documents/aeo/Tp2/Tp3/Tp3.srcs/constrs_1/imports/Tp2/Basys3_Master.xdc:93]
CRITICAL WARNING: [Common 17-55] 'set_property' expects at least one object. [/home/m1/radi/Documents/aeo/Tp2/Tp3/Tp3.srcs/constrs_1/imports/Tp2/Basys3_Master.xdc:93]
Resolution: If [get_<value>] was used to populate the object, check to make sure this command returns at least one valid object.
WARNING: [Vivado 12-584] No ports matched 'seg[6]'. [/home/m1/radi/Documents/aeo/Tp2/Tp3/Tp3.srcs/constrs_1/imports/Tp2/Basys3_Master.xdc:94]
CRITICAL WARNING: [Common 17-55] 'set_property' expects at least one object. [/home/m1/radi/Documents/aeo/Tp2/Tp3/Tp3.srcs/constrs_1/imports/Tp2/Basys3_Master.xdc:94]
Resolution: If [get_<value>] was used to populate the object, check to make sure this command returns at least one valid object.
WARNING: [Vivado 12-584] No ports matched 'seg[6]'. [/home/m1/radi/Documents/aeo/Tp2/Tp3/Tp3.srcs/constrs_1/imports/Tp2/Basys3_Master.xdc:95]
CRITICAL WARNING: [Common 17-55] 'set_property' expects at least one object. [/home/m1/radi/Documents/aeo/Tp2/Tp3/Tp3.srcs/constrs_1/imports/Tp2/Basys3_Master.xdc:95]
Resolution: If [get_<value>] was used to populate the object, check to make sure this command returns at least one valid object.
WARNING: [Vivado 12-584] No ports matched 'an[0]'. [/home/m1/radi/Documents/aeo/Tp2/Tp3/Tp3.srcs/constrs_1/imports/Tp2/Basys3_Master.xdc:100]
CRITICAL WARNING: [Common 17-55] 'set_property' expects at least one object. [/home/m1/radi/Documents/aeo/Tp2/Tp3/Tp3.srcs/constrs_1/imports/Tp2/Basys3_Master.xdc:100]
Resolution: If [get_<value>] was used to populate the object, check to make sure this command returns at least one valid object.
WARNING: [Vivado 12-584] No ports matched 'an[0]'. [/home/m1/radi/Documents/aeo/Tp2/Tp3/Tp3.srcs/constrs_1/imports/Tp2/Basys3_Master.xdc:101]
CRITICAL WARNING: [Common 17-55] 'set_property' expects at least one object. [/home/m1/radi/Documents/aeo/Tp2/Tp3/Tp3.srcs/constrs_1/imports/Tp2/Basys3_Master.xdc:101]
Resolution: If [get_<value>] was used to populate the object, check to make sure this command returns at least one valid object.
WARNING: [Vivado 12-584] No ports matched 'an[1]'. [/home/m1/radi/Documents/aeo/Tp2/Tp3/Tp3.srcs/constrs_1/imports/Tp2/Basys3_Master.xdc:102]
CRITICAL WARNING: [Common 17-55] 'set_property' expects at least one object. [/home/m1/radi/Documents/aeo/Tp2/Tp3/Tp3.srcs/constrs_1/imports/Tp2/Basys3_Master.xdc:102]
Resolution: If [get_<value>] was used to populate the object, check to make sure this command returns at least one valid object.
WARNING: [Vivado 12-584] No ports matched 'an[1]'. [/home/m1/radi/Documents/aeo/Tp2/Tp3/Tp3.srcs/constrs_1/imports/Tp2/Basys3_Master.xdc:103]
CRITICAL WARNING: [Common 17-55] 'set_property' expects at least one object. [/home/m1/radi/Documents/aeo/Tp2/Tp3/Tp3.srcs/constrs_1/imports/Tp2/Basys3_Master.xdc:103]
Resolution: If [get_<value>] was used to populate the object, check to make sure this command returns at least one valid object.
WARNING: [Vivado 12-584] No ports matched 'an[2]'. [/home/m1/radi/Documents/aeo/Tp2/Tp3/Tp3.srcs/constrs_1/imports/Tp2/Basys3_Master.xdc:104]
CRITICAL WARNING: [Common 17-55] 'set_property' expects at least one object. [/home/m1/radi/Documents/aeo/Tp2/Tp3/Tp3.srcs/constrs_1/imports/Tp2/Basys3_Master.xdc:104]
Resolution: If [get_<value>] was used to populate the object, check to make sure this command returns at least one valid object.
WARNING: [Vivado 12-584] No ports matched 'an[2]'. [/home/m1/radi/Documents/aeo/Tp2/Tp3/Tp3.srcs/constrs_1/imports/Tp2/Basys3_Master.xdc:105]
CRITICAL WARNING: [Common 17-55] 'set_property' expects at least one object. [/home/m1/radi/Documents/aeo/Tp2/Tp3/Tp3.srcs/constrs_1/imports/Tp2/Basys3_Master.xdc:105]
Resolution: If [get_<value>] was used to populate the object, check to make sure this command returns at least one valid object.
WARNING: [Vivado 12-584] No ports matched 'an[3]'. [/home/m1/radi/Documents/aeo/Tp2/Tp3/Tp3.srcs/constrs_1/imports/Tp2/Basys3_Master.xdc:106]
CRITICAL WARNING: [Common 17-55] 'set_property' expects at least one object. [/home/m1/radi/Documents/aeo/Tp2/Tp3/Tp3.srcs/constrs_1/imports/Tp2/Basys3_Master.xdc:106]
Resolution: If [get_<value>] was used to populate the object, check to make sure this command returns at least one valid object.
WARNING: [Vivado 12-584] No ports matched 'an[3]'. [/home/m1/radi/Documents/aeo/Tp2/Tp3/Tp3.srcs/constrs_1/imports/Tp2/Basys3_Master.xdc:107]
CRITICAL WARNING: [Common 17-55] 'set_property' expects at least one object. [/home/m1/radi/Documents/aeo/Tp2/Tp3/Tp3.srcs/constrs_1/imports/Tp2/Basys3_Master.xdc:107]
Resolution: If [get_<value>] was used to populate the object, check to make sure this command returns at least one valid object.
WARNING: [Vivado 12-584] No ports matched 'btnC'. [/home/m1/radi/Documents/aeo/Tp2/Tp3/Tp3.srcs/constrs_1/imports/Tp2/Basys3_Master.xdc:111]
CRITICAL WARNING: [Common 17-55] 'set_property' expects at least one object. [/home/m1/radi/Documents/aeo/Tp2/Tp3/Tp3.srcs/constrs_1/imports/Tp2/Basys3_Master.xdc:111]
Resolution: If [get_<value>] was used to populate the object, check to make sure this command returns at least one valid object.
WARNING: [Vivado 12-584] No ports matched 'btnC'. [/home/m1/radi/Documents/aeo/Tp2/Tp3/Tp3.srcs/constrs_1/imports/Tp2/Basys3_Master.xdc:112]
CRITICAL WARNING: [Common 17-55] 'set_property' expects at least one object. [/home/m1/radi/Documents/aeo/Tp2/Tp3/Tp3.srcs/constrs_1/imports/Tp2/Basys3_Master.xdc:112]
Resolution: If [get_<value>] was used to populate the object, check to make sure this command returns at least one valid object.
WARNING: [Vivado 12-584] No ports matched 'btnU'. [/home/m1/radi/Documents/aeo/Tp2/Tp3/Tp3.srcs/constrs_1/imports/Tp2/Basys3_Master.xdc:113]
CRITICAL WARNING: [Common 17-55] 'set_property' expects at least one object. [/home/m1/radi/Documents/aeo/Tp2/Tp3/Tp3.srcs/constrs_1/imports/Tp2/Basys3_Master.xdc:113]
Resolution: If [get_<value>] was used to populate the object, check to make sure this command returns at least one valid object.
WARNING: [Vivado 12-584] No ports matched 'btnU'. [/home/m1/radi/Documents/aeo/Tp2/Tp3/Tp3.srcs/constrs_1/imports/Tp2/Basys3_Master.xdc:114]
CRITICAL WARNING: [Common 17-55] 'set_property' expects at least one object. [/home/m1/radi/Documents/aeo/Tp2/Tp3/Tp3.srcs/constrs_1/imports/Tp2/Basys3_Master.xdc:114]
Resolution: If [get_<value>] was used to populate the object, check to make sure this command returns at least one valid object.
WARNING: [Vivado 12-584] No ports matched 'btnL'. [/home/m1/radi/Documents/aeo/Tp2/Tp3/Tp3.srcs/constrs_1/imports/Tp2/Basys3_Master.xdc:115]
CRITICAL WARNING: [Common 17-55] 'set_property' expects at least one object. [/home/m1/radi/Documents/aeo/Tp2/Tp3/Tp3.srcs/constrs_1/imports/Tp2/Basys3_Master.xdc:115]
Resolution: If [get_<value>] was used to populate the object, check to make sure this command returns at least one valid object.
WARNING: [Vivado 12-584] No ports matched 'btnL'. [/home/m1/radi/Documents/aeo/Tp2/Tp3/Tp3.srcs/constrs_1/imports/Tp2/Basys3_Master.xdc:116]
CRITICAL WARNING: [Common 17-55] 'set_property' expects at least one object. [/home/m1/radi/Documents/aeo/Tp2/Tp3/Tp3.srcs/constrs_1/imports/Tp2/Basys3_Master.xdc:116]
Resolution: If [get_<value>] was used to populate the object, check to make sure this command returns at least one valid object.
WARNING: [Vivado 12-584] No ports matched 'btnR'. [/home/m1/radi/Documents/aeo/Tp2/Tp3/Tp3.srcs/constrs_1/imports/Tp2/Basys3_Master.xdc:117]
CRITICAL WARNING: [Common 17-55] 'set_property' expects at least one object. [/home/m1/radi/Documents/aeo/Tp2/Tp3/Tp3.srcs/constrs_1/imports/Tp2/Basys3_Master.xdc:117]
Resolution: If [get_<value>] was used to populate the object, check to make sure this command returns at least one valid object.
WARNING: [Vivado 12-584] No ports matched 'btnR'. [/home/m1/radi/Documents/aeo/Tp2/Tp3/Tp3.srcs/constrs_1/imports/Tp2/Basys3_Master.xdc:118]
CRITICAL WARNING: [Common 17-55] 'set_property' expects at least one object. [/home/m1/radi/Documents/aeo/Tp2/Tp3/Tp3.srcs/constrs_1/imports/Tp2/Basys3_Master.xdc:118]
Resolution: If [get_<value>] was used to populate the object, check to make sure this command returns at least one valid object.
WARNING: [Vivado 12-584] No ports matched 'btnD'. [/home/m1/radi/Documents/aeo/Tp2/Tp3/Tp3.srcs/constrs_1/imports/Tp2/Basys3_Master.xdc:119]
CRITICAL WARNING: [Common 17-55] 'set_property' expects at least one object. [/home/m1/radi/Documents/aeo/Tp2/Tp3/Tp3.srcs/constrs_1/imports/Tp2/Basys3_Master.xdc:119]
Resolution: If [get_<value>] was used to populate the object, check to make sure this command returns at least one valid object.
WARNING: [Vivado 12-584] No ports matched 'btnD'. [/home/m1/radi/Documents/aeo/Tp2/Tp3/Tp3.srcs/constrs_1/imports/Tp2/Basys3_Master.xdc:120]
CRITICAL WARNING: [Common 17-55] 'set_property' expects at least one object. [/home/m1/radi/Documents/aeo/Tp2/Tp3/Tp3.srcs/constrs_1/imports/Tp2/Basys3_Master.xdc:120]
Resolution: If [get_<value>] was used to populate the object, check to make sure this command returns at least one valid object.
Finished Parsing XDC File [/home/m1/radi/Documents/aeo/Tp2/Tp3/Tp3.srcs/constrs_1/imports/Tp2/Basys3_Master.xdc]
Completed Processing XDC Constraints

INFO: [Project 1-111] Unisim Transformation Summary:
No Unisim elements were transformed.

WARNING: [Constraints 18-5210] No constraint will be written out.
Constraint Validation Runtime : Time (s): cpu = 00:00:00.04 ; elapsed = 00:00:00.07 . Memory (MB): peak = 1639.395 ; gain = 0.000 ; free physical = 683 ; free virtual = 17814
---------------------------------------------------------------------------------
Finished Constraint Validation : Time (s): cpu = 00:00:09 ; elapsed = 00:00:18 . Memory (MB): peak = 1639.395 ; gain = 446.734 ; free physical = 751 ; free virtual = 17883
---------------------------------------------------------------------------------
---------------------------------------------------------------------------------
Start Loading Part and Timing Information
---------------------------------------------------------------------------------
Loading part: xc7a35tcpg236-1
---------------------------------------------------------------------------------
Finished Loading Part and Timing Information : Time (s): cpu = 00:00:09 ; elapsed = 00:00:18 . Memory (MB): peak = 1639.395 ; gain = 446.734 ; free physical = 751 ; free virtual = 17883
---------------------------------------------------------------------------------
---------------------------------------------------------------------------------
Start Applying 'set_property' XDC Constraints
---------------------------------------------------------------------------------
---------------------------------------------------------------------------------
Finished applying 'set_property' XDC Constraints : Time (s): cpu = 00:00:09 ; elapsed = 00:00:18 . Memory (MB): peak = 1639.395 ; gain = 446.734 ; free physical = 752 ; free virtual = 17884
---------------------------------------------------------------------------------
WARNING: [Synth 8-327] inferring latch for variable 'count_reg' [/home/m1/radi/Documents/aeo/Tp2/Tp3/Tp3.srcs/sources_1/new/Count1.vhd:80]
---------------------------------------------------------------------------------
Finished RTL Optimization Phase 2 : Time (s): cpu = 00:00:10 ; elapsed = 00:00:18 . Memory (MB): peak = 1639.395 ; gain = 446.734 ; free physical = 743 ; free virtual = 17875
---------------------------------------------------------------------------------

Report RTL Partitions: 
+-+--------------+------------+----------+
| |RTL Partition |Replication |Instances |
+-+--------------+------------+----------+
+-+--------------+------------+----------+
---------------------------------------------------------------------------------
Start RTL Component Statistics 
---------------------------------------------------------------------------------
Detailed RTL Component Info : 
+---Adders : 
	   2 Input     32 Bit       Adders := 8     
+---Muxes : 
	   2 Input     32 Bit        Muxes := 7     
	   8 Input      1 Bit        Muxes := 1     
---------------------------------------------------------------------------------
Finished RTL Component Statistics 
---------------------------------------------------------------------------------
---------------------------------------------------------------------------------
Start RTL Hierarchical Component Statistics 
---------------------------------------------------------------------------------
Hierarchical RTL Component report 
Module Count1 
Detailed RTL Component Info : 
+---Adders : 
	   2 Input     32 Bit       Adders := 8     
+---Muxes : 
	   2 Input     32 Bit        Muxes := 7     
	   8 Input      1 Bit        Muxes := 1     
---------------------------------------------------------------------------------
Finished RTL Hierarchical Component Statistics
---------------------------------------------------------------------------------
---------------------------------------------------------------------------------
Start Part Resource Summary
---------------------------------------------------------------------------------
Part Resources:
DSPs: 90 (col length:60)
BRAMs: 100 (col length: RAMB18 60 RAMB36 30)
---------------------------------------------------------------------------------
Finished Part Resource Summary
---------------------------------------------------------------------------------
---------------------------------------------------------------------------------
Start Cross Boundary and Area Optimization
---------------------------------------------------------------------------------
Warning: Parallel synthesis criteria is not met 
WARNING: [Synth 8-3332] Sequential element (count_reg[31]) is unused and will be removed from module Count1.
WARNING: [Synth 8-3332] Sequential element (count_reg[30]) is unused and will be removed from module Count1.
WARNING: [Synth 8-3332] Sequential element (count_reg[29]) is unused and will be removed from module Count1.
WARNING: [Synth 8-3332] Sequential element (count_reg[28]) is unused and will be removed from module Count1.
WARNING: [Synth 8-3332] Sequential element (count_reg[27]) is unused and will be removed from module Count1.
WARNING: [Synth 8-3332] Sequential element (count_reg[26]) is unused and will be removed from module Count1.
WARNING: [Synth 8-3332] Sequential element (count_reg[25]) is unused and will be removed from module Count1.
WARNING: [Synth 8-3332] Sequential element (count_reg[24]) is unused and will be removed from module Count1.
WARNING: [Synth 8-3332] Sequential element (count_reg[23]) is unused and will be removed from module Count1.
WARNING: [Synth 8-3332] Sequential element (count_reg[22]) is unused and will be removed from module Count1.
WARNING: [Synth 8-3332] Sequential element (count_reg[21]) is unused and will be removed from module Count1.
WARNING: [Synth 8-3332] Sequential element (count_reg[20]) is unused and will be removed from module Count1.
WARNING: [Synth 8-3332] Sequential element (count_reg[19]) is unused and will be removed from module Count1.
WARNING: [Synth 8-3332] Sequential element (count_reg[18]) is unused and will be removed from module Count1.
WARNING: [Synth 8-3332] Sequential element (count_reg[17]) is unused and will be removed from module Count1.
WARNING: [Synth 8-3332] Sequential element (count_reg[16]) is unused and will be removed from module Count1.
WARNING: [Synth 8-3332] Sequential element (count_reg[15]) is unused and will be removed from module Count1.
WARNING: [Synth 8-3332] Sequential element (count_reg[14]) is unused and will be removed from module Count1.
WARNING: [Synth 8-3332] Sequential element (count_reg[13]) is unused and will be removed from module Count1.
WARNING: [Synth 8-3332] Sequential element (count_reg[12]) is unused and will be removed from module Count1.
WARNING: [Synth 8-3332] Sequential element (count_reg[11]) is unused and will be removed from module Count1.
WARNING: [Synth 8-3332] Sequential element (count_reg[10]) is unused and will be removed from module Count1.
WARNING: [Synth 8-3332] Sequential element (count_reg[9]) is unused and will be removed from module Count1.
WARNING: [Synth 8-3332] Sequential element (count_reg[8]) is unused and will be removed from module Count1.
WARNING: [Synth 8-3332] Sequential element (count_reg[7]) is unused and will be removed from module Count1.
WARNING: [Synth 8-3332] Sequential element (count_reg[6]) is unused and will be removed from module Count1.
WARNING: [Synth 8-3332] Sequential element (count_reg[5]) is unused and will be removed from module Count1.
WARNING: [Synth 8-3332] Sequential element (count_reg[4]) is unused and will be removed from module Count1.
---------------------------------------------------------------------------------
Finished Cross Boundary and Area Optimization : Time (s): cpu = 00:00:10 ; elapsed = 00:00:19 . Memory (MB): peak = 1639.395 ; gain = 446.734 ; free physical = 733 ; free virtual = 17867
---------------------------------------------------------------------------------

Report RTL Partitions: 
+-+--------------+------------+----------+
| |RTL Partition |Replication |Instances |
+-+--------------+------------+----------+
+-+--------------+------------+----------+
---------------------------------------------------------------------------------
Start Applying XDC Timing Constraints
---------------------------------------------------------------------------------
---------------------------------------------------------------------------------
Finished Applying XDC Timing Constraints : Time (s): cpu = 00:00:14 ; elapsed = 00:00:25 . Memory (MB): peak = 1639.395 ; gain = 446.734 ; free physical = 609 ; free virtual = 17742
---------------------------------------------------------------------------------
---------------------------------------------------------------------------------
Start Timing Optimization
---------------------------------------------------------------------------------
---------------------------------------------------------------------------------
Finished Timing Optimization : Time (s): cpu = 00:00:14 ; elapsed = 00:00:25 . Memory (MB): peak = 1639.395 ; gain = 446.734 ; free physical = 609 ; free virtual = 17742
---------------------------------------------------------------------------------

Report RTL Partitions: 
+-+--------------+------------+----------+
| |RTL Partition |Replication |Instances |
+-+--------------+------------+----------+
+-+--------------+------------+----------+
---------------------------------------------------------------------------------
Start Technology Mapping
---------------------------------------------------------------------------------
---------------------------------------------------------------------------------
Finished Technology Mapping : Time (s): cpu = 00:00:14 ; elapsed = 00:00:25 . Memory (MB): peak = 1639.395 ; gain = 446.734 ; free physical = 608 ; free virtual = 17742
---------------------------------------------------------------------------------

Report RTL Partitions: 
+-+--------------+------------+----------+
| |RTL Partition |Replication |Instances |
+-+--------------+------------+----------+
+-+--------------+------------+----------+
---------------------------------------------------------------------------------
Start IO Insertion
---------------------------------------------------------------------------------
---------------------------------------------------------------------------------
Start Flattening Before IO Insertion
---------------------------------------------------------------------------------
---------------------------------------------------------------------------------
Finished Flattening Before IO Insertion
---------------------------------------------------------------------------------
---------------------------------------------------------------------------------
Start Final Netlist Cleanup
---------------------------------------------------------------------------------
---------------------------------------------------------------------------------
Finished Final Netlist Cleanup
---------------------------------------------------------------------------------
---------------------------------------------------------------------------------
Finished IO Insertion : Time (s): cpu = 00:00:15 ; elapsed = 00:00:25 . Memory (MB): peak = 1639.395 ; gain = 446.734 ; free physical = 608 ; free virtual = 17742
---------------------------------------------------------------------------------

Report Check Netlist: 
+------+------------------+-------+---------+-------+------------------+
|      |Item              |Errors |Warnings |Status |Description       |
+------+------------------+-------+---------+-------+------------------+
|1     |multi_driven_nets |      0|        0|Passed |Multi driven nets |
+------+------------------+-------+---------+-------+------------------+
---------------------------------------------------------------------------------
Start Renaming Generated Instances
---------------------------------------------------------------------------------
---------------------------------------------------------------------------------
Finished Renaming Generated Instances : Time (s): cpu = 00:00:15 ; elapsed = 00:00:25 . Memory (MB): peak = 1639.395 ; gain = 446.734 ; free physical = 608 ; free virtual = 17742
---------------------------------------------------------------------------------

Report RTL Partitions: 
+-+--------------+------------+----------+
| |RTL Partition |Replication |Instances |
+-+--------------+------------+----------+
+-+--------------+------------+----------+
---------------------------------------------------------------------------------
Start Rebuilding User Hierarchy
---------------------------------------------------------------------------------
---------------------------------------------------------------------------------
Finished Rebuilding User Hierarchy : Time (s): cpu = 00:00:15 ; elapsed = 00:00:25 . Memory (MB): peak = 1639.395 ; gain = 446.734 ; free physical = 608 ; free virtual = 17742
---------------------------------------------------------------------------------
---------------------------------------------------------------------------------
Start Renaming Generated Ports
---------------------------------------------------------------------------------
---------------------------------------------------------------------------------
Finished Renaming Generated Ports : Time (s): cpu = 00:00:15 ; elapsed = 00:00:25 . Memory (MB): peak = 1639.395 ; gain = 446.734 ; free physical = 608 ; free virtual = 17742
---------------------------------------------------------------------------------
---------------------------------------------------------------------------------
Start Handling Custom Attributes
---------------------------------------------------------------------------------
---------------------------------------------------------------------------------
Finished Handling Custom Attributes : Time (s): cpu = 00:00:15 ; elapsed = 00:00:25 . Memory (MB): peak = 1639.395 ; gain = 446.734 ; free physical = 608 ; free virtual = 17742
---------------------------------------------------------------------------------
---------------------------------------------------------------------------------
Start Renaming Generated Nets
---------------------------------------------------------------------------------
---------------------------------------------------------------------------------
Finished Renaming Generated Nets : Time (s): cpu = 00:00:15 ; elapsed = 00:00:25 . Memory (MB): peak = 1639.395 ; gain = 446.734 ; free physical = 608 ; free virtual = 17742
---------------------------------------------------------------------------------
---------------------------------------------------------------------------------
Start Writing Synthesis Report
---------------------------------------------------------------------------------

Report BlackBoxes: 
+-+--------------+----------+
| |BlackBox name |Instances |
+-+--------------+----------+
+-+--------------+----------+

Report Cell Usage: 
+------+-------+------+
|      |Cell   |Count |
+------+-------+------+
|1     |CARRY4 |     8|
|2     |LUT2   |     5|
|3     |LUT3   |    10|
|4     |LUT4   |     4|
|5     |LUT5   |    14|
|6     |LUT6   |    25|
|7     |LD     |     4|
|8     |IBUF   |     8|
|9     |OBUF   |     4|
+------+-------+------+

Report Instance Areas: 
+------+---------+-------+------+
|      |Instance |Module |Cells |
+------+---------+-------+------+
|1     |top      |       |    82|
+------+---------+-------+------+
---------------------------------------------------------------------------------
Finished Writing Synthesis Report : Time (s): cpu = 00:00:15 ; elapsed = 00:00:25 . Memory (MB): peak = 1639.395 ; gain = 446.734 ; free physical = 608 ; free virtual = 17742
---------------------------------------------------------------------------------
Synthesis finished with 0 errors, 0 critical warnings and 29 warnings.
Synthesis Optimization Runtime : Time (s): cpu = 00:00:09 ; elapsed = 00:00:13 . Memory (MB): peak = 1639.395 ; gain = 131.391 ; free physical = 661 ; free virtual = 17795
Synthesis Optimization Complete : Time (s): cpu = 00:00:15 ; elapsed = 00:00:25 . Memory (MB): peak = 1639.395 ; gain = 446.734 ; free physical = 661 ; free virtual = 17795
INFO: [Project 1-571] Translating synthesized netlist
INFO: [Netlist 29-17] Analyzing 20 Unisim elements for replacement
INFO: [Netlist 29-28] Unisim Transformation completed in 0 CPU seconds
INFO: [Project 1-570] Preparing netlist for logic optimization
INFO: [Opt 31-138] Pushed 0 inverter(s) to 0 load pin(s).
INFO: [Project 1-111] Unisim Transformation Summary:
  A total of 4 instances were transformed.
  LD => LDCE: 4 instances

INFO: [Common 17-83] Releasing license: Synthesis
13 Infos, 126 Warnings, 96 Critical Warnings and 0 Errors encountered.
synth_design completed successfully
synth_design: Time (s): cpu = 00:00:16 ; elapsed = 00:00:26 . Memory (MB): peak = 1648.395 ; gain = 461.695 ; free physical = 649 ; free virtual = 17783
WARNING: [Constraints 18-5210] No constraint will be written out.
INFO: [Common 17-1381] The checkpoint '/home/m1/radi/Documents/aeo/Tp2/Tp3/Tp3.runs/synth_1/Count1.dcp' has been generated.
INFO: [runtcl-4] Executing : report_utilization -file Count1_utilization_synth.rpt -pb Count1_utilization_synth.pb
report_utilization: Time (s): cpu = 00:00:00.11 ; elapsed = 00:00:00.13 . Memory (MB): peak = 1672.406 ; gain = 0.000 ; free physical = 648 ; free virtual = 17782
INFO: [Common 17-206] Exiting Vivado at Fri Sep 27 11:08:59 2019...
