
*** Running vivado
    with args -log calc.vds -m64 -product Vivado -mode batch -messageDb vivado.pb -notrace -source calc.tcl


****** Vivado v2018.2.1 (64-bit)
  **** SW Build 2288692 on Thu Jul 26 18:23:50 MDT 2018
  **** IP Build 2289599 on Thu Jul 26 21:09:20 MDT 2018
    ** Copyright 1986-2018 Xilinx, Inc. All Rights Reserved.

source calc.tcl -notrace
Command: synth_design -top calc -part xc7a35tcpg236-1
Starting synth_design
Attempting to get a license for feature 'Synthesis' and/or device 'xc7a35t'
INFO: [Common 17-349] Got license for feature 'Synthesis' and/or device 'xc7a35t'
INFO: Launching helper process for spawning children vivado processes
INFO: Helper process launched with PID 28316 
Terminated helper unrecognised option '-nojournal'
---------------------------------------------------------------------------------
Starting RTL Elaboration : Time (s): cpu = 00:00:02 ; elapsed = 00:00:02 . Memory (MB): peak = 1279.422 ; gain = 86.766 ; free physical = 904 ; free virtual = 18590
---------------------------------------------------------------------------------
INFO: [Synth 8-638] synthesizing module 'calc' [/home/m1/radi/Documents/aeo/Tp2/Tp2.srcs/sources_1/new/calc.vhd:43]
INFO: [Synth 8-3491] module 'add4' declared at '/home/m1/radi/Documents/aeo/Tp2/Tp2.srcs/sources_1/imports/new/add4.vhd:36' bound to instance 'inst0' of component 'add4' [/home/m1/radi/Documents/aeo/Tp2/Tp2.srcs/sources_1/new/calc.vhd:65]
INFO: [Synth 8-638] synthesizing module 'add4' [/home/m1/radi/Documents/aeo/Tp2/Tp2.srcs/sources_1/imports/new/add4.vhd:45]
INFO: [Synth 8-3491] module 'add1' declared at '/home/m1/radi/Documents/aeo/Tp2/Tp2.srcs/sources_1/new/add1.vhd:36' bound to instance 'inst_add0' of component 'add1' [/home/m1/radi/Documents/aeo/Tp2/Tp2.srcs/sources_1/imports/new/add4.vhd:57]
INFO: [Synth 8-638] synthesizing module 'add1' [/home/m1/radi/Documents/aeo/Tp2/Tp2.srcs/sources_1/new/add1.vhd:43]
INFO: [Synth 8-256] done synthesizing module 'add1' (1#1) [/home/m1/radi/Documents/aeo/Tp2/Tp2.srcs/sources_1/new/add1.vhd:43]
INFO: [Synth 8-3491] module 'add1' declared at '/home/m1/radi/Documents/aeo/Tp2/Tp2.srcs/sources_1/new/add1.vhd:36' bound to instance 'inst_add1' of component 'add1' [/home/m1/radi/Documents/aeo/Tp2/Tp2.srcs/sources_1/imports/new/add4.vhd:58]
INFO: [Synth 8-3491] module 'add1' declared at '/home/m1/radi/Documents/aeo/Tp2/Tp2.srcs/sources_1/new/add1.vhd:36' bound to instance 'inst_add2' of component 'add1' [/home/m1/radi/Documents/aeo/Tp2/Tp2.srcs/sources_1/imports/new/add4.vhd:59]
INFO: [Synth 8-3491] module 'add1' declared at '/home/m1/radi/Documents/aeo/Tp2/Tp2.srcs/sources_1/new/add1.vhd:36' bound to instance 'inst_add3' of component 'add1' [/home/m1/radi/Documents/aeo/Tp2/Tp2.srcs/sources_1/imports/new/add4.vhd:60]
INFO: [Synth 8-256] done synthesizing module 'add4' (2#1) [/home/m1/radi/Documents/aeo/Tp2/Tp2.srcs/sources_1/imports/new/add4.vhd:45]
INFO: [Synth 8-3491] module 'x7seg' declared at '/home/m1/radi/Documents/aeo/Tp2/Tp2.srcs/sources_1/new/x7seg.vhd:34' bound to instance 'inst1' of component 'x7seg' [/home/m1/radi/Documents/aeo/Tp2/Tp2.srcs/sources_1/new/calc.vhd:66]
INFO: [Synth 8-638] synthesizing module 'x7seg' [/home/m1/radi/Documents/aeo/Tp2/Tp2.srcs/sources_1/new/x7seg.vhd:40]
INFO: [Synth 8-226] default block is never used [/home/m1/radi/Documents/aeo/Tp2/Tp2.srcs/sources_1/new/x7seg.vhd:45]
INFO: [Synth 8-256] done synthesizing module 'x7seg' (3#1) [/home/m1/radi/Documents/aeo/Tp2/Tp2.srcs/sources_1/new/x7seg.vhd:40]
INFO: [Synth 8-256] done synthesizing module 'calc' (4#1) [/home/m1/radi/Documents/aeo/Tp2/Tp2.srcs/sources_1/new/calc.vhd:43]
WARNING: [Synth 8-3917] design calc has port led[15] driven by constant 0
WARNING: [Synth 8-3917] design calc has port led[14] driven by constant 0
WARNING: [Synth 8-3917] design calc has port led[13] driven by constant 0
WARNING: [Synth 8-3917] design calc has port led[12] driven by constant 0
WARNING: [Synth 8-3917] design calc has port led[11] driven by constant 0
WARNING: [Synth 8-3917] design calc has port led[10] driven by constant 0
WARNING: [Synth 8-3917] design calc has port led[9] driven by constant 0
WARNING: [Synth 8-3917] design calc has port led[8] driven by constant 0
WARNING: [Synth 8-3917] design calc has port led[7] driven by constant 0
WARNING: [Synth 8-3917] design calc has port led[6] driven by constant 0
WARNING: [Synth 8-3917] design calc has port led[5] driven by constant 0
WARNING: [Synth 8-3331] design calc has unconnected port sw[11]
WARNING: [Synth 8-3331] design calc has unconnected port sw[10]
WARNING: [Synth 8-3331] design calc has unconnected port sw[9]
WARNING: [Synth 8-3331] design calc has unconnected port sw[8]
WARNING: [Synth 8-3331] design calc has unconnected port sw[7]
WARNING: [Synth 8-3331] design calc has unconnected port sw[6]
WARNING: [Synth 8-3331] design calc has unconnected port sw[5]
WARNING: [Synth 8-3331] design calc has unconnected port sw[4]
---------------------------------------------------------------------------------
Finished RTL Elaboration : Time (s): cpu = 00:00:02 ; elapsed = 00:00:02 . Memory (MB): peak = 1324.047 ; gain = 131.391 ; free physical = 916 ; free virtual = 18603
---------------------------------------------------------------------------------

Report Check Netlist: 
+------+------------------+-------+---------+-------+------------------+
|      |Item              |Errors |Warnings |Status |Description       |
+------+------------------+-------+---------+-------+------------------+
|1     |multi_driven_nets |      0|        0|Passed |Multi driven nets |
+------+------------------+-------+---------+-------+------------------+
---------------------------------------------------------------------------------
Start Handling Custom Attributes
---------------------------------------------------------------------------------
---------------------------------------------------------------------------------
Finished Handling Custom Attributes : Time (s): cpu = 00:00:02 ; elapsed = 00:00:03 . Memory (MB): peak = 1324.047 ; gain = 131.391 ; free physical = 916 ; free virtual = 18603
---------------------------------------------------------------------------------
---------------------------------------------------------------------------------
Finished RTL Optimization Phase 1 : Time (s): cpu = 00:00:02 ; elapsed = 00:00:03 . Memory (MB): peak = 1324.047 ; gain = 131.391 ; free physical = 916 ; free virtual = 18603
---------------------------------------------------------------------------------
INFO: [Device 21-403] Loading part xc7a35tcpg236-1
INFO: [Project 1-570] Preparing netlist for logic optimization

Processing XDC Constraints
Initializing timing engine
Parsing XDC File [/home/m1/radi/Documents/aeo/Tp2/Tp2.srcs/constrs_1/imports/Tp2/Basys3_Master.xdc]
Finished Parsing XDC File [/home/m1/radi/Documents/aeo/Tp2/Tp2.srcs/constrs_1/imports/Tp2/Basys3_Master.xdc]
INFO: [Project 1-236] Implementation specific constraints were found while reading constraint file [/home/m1/radi/Documents/aeo/Tp2/Tp2.srcs/constrs_1/imports/Tp2/Basys3_Master.xdc]. These constraints will be ignored for synthesis but will be used in implementation. Impacted constraints are listed in the file [.Xil/calc_propImpl.xdc].
Resolution: To avoid this warning, move constraints listed in [.Xil/calc_propImpl.xdc] to another XDC file and exclude this new file from synthesis with the used_in_synthesis property (File Properties dialog in GUI) and re-run elaboration/synthesis.
Completed Processing XDC Constraints

INFO: [Project 1-111] Unisim Transformation Summary:
No Unisim elements were transformed.

Constraint Validation Runtime : Time (s): cpu = 00:00:00 ; elapsed = 00:00:00.01 . Memory (MB): peak = 1627.391 ; gain = 0.000 ; free physical = 682 ; free virtual = 18363
---------------------------------------------------------------------------------
Finished Constraint Validation : Time (s): cpu = 00:00:09 ; elapsed = 00:00:17 . Memory (MB): peak = 1627.391 ; gain = 434.734 ; free physical = 734 ; free virtual = 18431
---------------------------------------------------------------------------------
---------------------------------------------------------------------------------
Start Loading Part and Timing Information
---------------------------------------------------------------------------------
Loading part: xc7a35tcpg236-1
---------------------------------------------------------------------------------
Finished Loading Part and Timing Information : Time (s): cpu = 00:00:09 ; elapsed = 00:00:17 . Memory (MB): peak = 1627.391 ; gain = 434.734 ; free physical = 734 ; free virtual = 18431
---------------------------------------------------------------------------------
---------------------------------------------------------------------------------
Start Applying 'set_property' XDC Constraints
---------------------------------------------------------------------------------
---------------------------------------------------------------------------------
Finished applying 'set_property' XDC Constraints : Time (s): cpu = 00:00:09 ; elapsed = 00:00:17 . Memory (MB): peak = 1627.391 ; gain = 434.734 ; free physical = 735 ; free virtual = 18433
---------------------------------------------------------------------------------
---------------------------------------------------------------------------------
Finished RTL Optimization Phase 2 : Time (s): cpu = 00:00:09 ; elapsed = 00:00:17 . Memory (MB): peak = 1627.391 ; gain = 434.734 ; free physical = 726 ; free virtual = 18424
---------------------------------------------------------------------------------

Report RTL Partitions: 
+-+--------------+------------+----------+
| |RTL Partition |Replication |Instances |
+-+--------------+------------+----------+
+-+--------------+------------+----------+
---------------------------------------------------------------------------------
Start RTL Component Statistics 
---------------------------------------------------------------------------------
Detailed RTL Component Info : 
+---Adders : 
	   3 Input      2 Bit       Adders := 4     
+---XORs : 
	   2 Input      4 Bit         XORs := 1     
+---Muxes : 
	   4 Input      4 Bit        Muxes := 1     
	   2 Input      1 Bit        Muxes := 1     
---------------------------------------------------------------------------------
Finished RTL Component Statistics 
---------------------------------------------------------------------------------
---------------------------------------------------------------------------------
Start RTL Hierarchical Component Statistics 
---------------------------------------------------------------------------------
Hierarchical RTL Component report 
Module calc 
Detailed RTL Component Info : 
+---XORs : 
	   2 Input      4 Bit         XORs := 1     
+---Muxes : 
	   4 Input      4 Bit        Muxes := 1     
	   2 Input      1 Bit        Muxes := 1     
Module add1 
Detailed RTL Component Info : 
+---Adders : 
	   3 Input      2 Bit       Adders := 1     
---------------------------------------------------------------------------------
Finished RTL Hierarchical Component Statistics
---------------------------------------------------------------------------------
---------------------------------------------------------------------------------
Start Part Resource Summary
---------------------------------------------------------------------------------
Part Resources:
DSPs: 90 (col length:60)
BRAMs: 100 (col length: RAMB18 60 RAMB36 30)
---------------------------------------------------------------------------------
Finished Part Resource Summary
---------------------------------------------------------------------------------
---------------------------------------------------------------------------------
Start Cross Boundary and Area Optimization
---------------------------------------------------------------------------------
Warning: Parallel synthesis criteria is not met 
WARNING: [Synth 8-3917] design calc has port led[15] driven by constant 0
WARNING: [Synth 8-3917] design calc has port led[14] driven by constant 0
WARNING: [Synth 8-3917] design calc has port led[13] driven by constant 0
WARNING: [Synth 8-3917] design calc has port led[12] driven by constant 0
WARNING: [Synth 8-3917] design calc has port led[11] driven by constant 0
WARNING: [Synth 8-3917] design calc has port led[10] driven by constant 0
WARNING: [Synth 8-3917] design calc has port led[9] driven by constant 0
WARNING: [Synth 8-3917] design calc has port led[8] driven by constant 0
WARNING: [Synth 8-3917] design calc has port led[7] driven by constant 0
WARNING: [Synth 8-3917] design calc has port led[6] driven by constant 0
WARNING: [Synth 8-3917] design calc has port led[5] driven by constant 0
WARNING: [Synth 8-3917] design calc has port an[3] driven by constant 1
WARNING: [Synth 8-3917] design calc has port an[2] driven by constant 1
WARNING: [Synth 8-3917] design calc has port an[1] driven by constant 1
WARNING: [Synth 8-3917] design calc has port an[0] driven by constant 0
WARNING: [Synth 8-3331] design calc has unconnected port sw[11]
WARNING: [Synth 8-3331] design calc has unconnected port sw[10]
WARNING: [Synth 8-3331] design calc has unconnected port sw[9]
WARNING: [Synth 8-3331] design calc has unconnected port sw[8]
WARNING: [Synth 8-3331] design calc has unconnected port sw[7]
WARNING: [Synth 8-3331] design calc has unconnected port sw[6]
WARNING: [Synth 8-3331] design calc has unconnected port sw[5]
WARNING: [Synth 8-3331] design calc has unconnected port sw[4]
---------------------------------------------------------------------------------
Finished Cross Boundary and Area Optimization : Time (s): cpu = 00:00:10 ; elapsed = 00:00:18 . Memory (MB): peak = 1627.391 ; gain = 434.734 ; free physical = 719 ; free virtual = 18413
---------------------------------------------------------------------------------

Report RTL Partitions: 
+-+--------------+------------+----------+
| |RTL Partition |Replication |Instances |
+-+--------------+------------+----------+
+-+--------------+------------+----------+
---------------------------------------------------------------------------------
Start Applying XDC Timing Constraints
---------------------------------------------------------------------------------
---------------------------------------------------------------------------------
Finished Applying XDC Timing Constraints : Time (s): cpu = 00:00:14 ; elapsed = 00:00:24 . Memory (MB): peak = 1627.391 ; gain = 434.734 ; free physical = 611 ; free virtual = 18288
---------------------------------------------------------------------------------
---------------------------------------------------------------------------------
Start Timing Optimization
---------------------------------------------------------------------------------
---------------------------------------------------------------------------------
Finished Timing Optimization : Time (s): cpu = 00:00:14 ; elapsed = 00:00:24 . Memory (MB): peak = 1627.391 ; gain = 434.734 ; free physical = 611 ; free virtual = 18288
---------------------------------------------------------------------------------

Report RTL Partitions: 
+-+--------------+------------+----------+
| |RTL Partition |Replication |Instances |
+-+--------------+------------+----------+
+-+--------------+------------+----------+
---------------------------------------------------------------------------------
Start Technology Mapping
---------------------------------------------------------------------------------
---------------------------------------------------------------------------------
Finished Technology Mapping : Time (s): cpu = 00:00:14 ; elapsed = 00:00:24 . Memory (MB): peak = 1627.391 ; gain = 434.734 ; free physical = 610 ; free virtual = 18287
---------------------------------------------------------------------------------

Report RTL Partitions: 
+-+--------------+------------+----------+
| |RTL Partition |Replication |Instances |
+-+--------------+------------+----------+
+-+--------------+------------+----------+
---------------------------------------------------------------------------------
Start IO Insertion
---------------------------------------------------------------------------------
---------------------------------------------------------------------------------
Start Flattening Before IO Insertion
---------------------------------------------------------------------------------
---------------------------------------------------------------------------------
Finished Flattening Before IO Insertion
---------------------------------------------------------------------------------
---------------------------------------------------------------------------------
Start Final Netlist Cleanup
---------------------------------------------------------------------------------
---------------------------------------------------------------------------------
Finished Final Netlist Cleanup
---------------------------------------------------------------------------------
---------------------------------------------------------------------------------
Finished IO Insertion : Time (s): cpu = 00:00:15 ; elapsed = 00:00:24 . Memory (MB): peak = 1627.391 ; gain = 434.734 ; free physical = 610 ; free virtual = 18287
---------------------------------------------------------------------------------

Report Check Netlist: 
+------+------------------+-------+---------+-------+------------------+
|      |Item              |Errors |Warnings |Status |Description       |
+------+------------------+-------+---------+-------+------------------+
|1     |multi_driven_nets |      0|        0|Passed |Multi driven nets |
+------+------------------+-------+---------+-------+------------------+
---------------------------------------------------------------------------------
Start Renaming Generated Instances
---------------------------------------------------------------------------------
---------------------------------------------------------------------------------
Finished Renaming Generated Instances : Time (s): cpu = 00:00:15 ; elapsed = 00:00:24 . Memory (MB): peak = 1627.391 ; gain = 434.734 ; free physical = 610 ; free virtual = 18287
---------------------------------------------------------------------------------

Report RTL Partitions: 
+-+--------------+------------+----------+
| |RTL Partition |Replication |Instances |
+-+--------------+------------+----------+
+-+--------------+------------+----------+
---------------------------------------------------------------------------------
Start Rebuilding User Hierarchy
---------------------------------------------------------------------------------
---------------------------------------------------------------------------------
Finished Rebuilding User Hierarchy : Time (s): cpu = 00:00:15 ; elapsed = 00:00:24 . Memory (MB): peak = 1627.391 ; gain = 434.734 ; free physical = 610 ; free virtual = 18287
---------------------------------------------------------------------------------
---------------------------------------------------------------------------------
Start Renaming Generated Ports
---------------------------------------------------------------------------------
---------------------------------------------------------------------------------
Finished Renaming Generated Ports : Time (s): cpu = 00:00:15 ; elapsed = 00:00:24 . Memory (MB): peak = 1627.391 ; gain = 434.734 ; free physical = 610 ; free virtual = 18287
---------------------------------------------------------------------------------
---------------------------------------------------------------------------------
Start Handling Custom Attributes
---------------------------------------------------------------------------------
---------------------------------------------------------------------------------
Finished Handling Custom Attributes : Time (s): cpu = 00:00:15 ; elapsed = 00:00:24 . Memory (MB): peak = 1627.391 ; gain = 434.734 ; free physical = 610 ; free virtual = 18287
---------------------------------------------------------------------------------
---------------------------------------------------------------------------------
Start Renaming Generated Nets
---------------------------------------------------------------------------------
---------------------------------------------------------------------------------
Finished Renaming Generated Nets : Time (s): cpu = 00:00:15 ; elapsed = 00:00:24 . Memory (MB): peak = 1627.391 ; gain = 434.734 ; free physical = 610 ; free virtual = 18287
---------------------------------------------------------------------------------
---------------------------------------------------------------------------------
Start Writing Synthesis Report
---------------------------------------------------------------------------------

Report BlackBoxes: 
+-+--------------+----------+
| |BlackBox name |Instances |
+-+--------------+----------+
+-+--------------+----------+

Report Cell Usage: 
+------+-----+------+
|      |Cell |Count |
+------+-----+------+
|1     |LUT4 |     9|
|2     |LUT5 |     3|
|3     |LUT6 |     2|
|4     |IBUF |    10|
|5     |OBUF |    27|
+------+-----+------+

Report Instance Areas: 
+------+---------+-------+------+
|      |Instance |Module |Cells |
+------+---------+-------+------+
|1     |top      |       |    51|
+------+---------+-------+------+
---------------------------------------------------------------------------------
Finished Writing Synthesis Report : Time (s): cpu = 00:00:15 ; elapsed = 00:00:24 . Memory (MB): peak = 1627.391 ; gain = 434.734 ; free physical = 610 ; free virtual = 18287
---------------------------------------------------------------------------------
Synthesis finished with 0 errors, 0 critical warnings and 23 warnings.
Synthesis Optimization Runtime : Time (s): cpu = 00:00:10 ; elapsed = 00:00:12 . Memory (MB): peak = 1627.391 ; gain = 131.391 ; free physical = 664 ; free virtual = 18341
Synthesis Optimization Complete : Time (s): cpu = 00:00:15 ; elapsed = 00:00:24 . Memory (MB): peak = 1627.391 ; gain = 434.734 ; free physical = 664 ; free virtual = 18341
INFO: [Project 1-571] Translating synthesized netlist
INFO: [Netlist 29-17] Analyzing 10 Unisim elements for replacement
INFO: [Netlist 29-28] Unisim Transformation completed in 0 CPU seconds
INFO: [Project 1-570] Preparing netlist for logic optimization
INFO: [Opt 31-138] Pushed 0 inverter(s) to 0 load pin(s).
INFO: [Project 1-111] Unisim Transformation Summary:
No Unisim elements were transformed.

INFO: [Common 17-83] Releasing license: Synthesis
27 Infos, 42 Warnings, 0 Critical Warnings and 0 Errors encountered.
synth_design completed successfully
synth_design: Time (s): cpu = 00:00:16 ; elapsed = 00:00:25 . Memory (MB): peak = 1649.391 ; gain = 462.695 ; free physical = 652 ; free virtual = 18329
WARNING: [Constraints 18-5210] No constraint will be written out.
INFO: [Common 17-1381] The checkpoint '/home/m1/radi/Documents/aeo/Tp2/Tp2.runs/synth_1/calc.dcp' has been generated.
INFO: [runtcl-4] Executing : report_utilization -file calc_utilization_synth.rpt -pb calc_utilization_synth.pb
report_utilization: Time (s): cpu = 00:00:00.08 ; elapsed = 00:00:00.13 . Memory (MB): peak = 1673.402 ; gain = 0.000 ; free physical = 651 ; free virtual = 18327
INFO: [Common 17-206] Exiting Vivado at Thu Sep 26 19:33:10 2019...
